2021-05-18 19:43:00,612 INFO  [Log] ------------------------------------------------- 
2021-05-18 19:43:00,613 INFO  [Log] -----------     loadHomePageAndLogin      ---------------- 
2021-05-18 19:43:00,614 INFO  [Log] ------------------------------------------------- 
2021-05-18 19:43:00,614 INFO  [Log] test started! 
2021-05-18 19:43:30,892 ERROR [Log] wrong data! 
2021-05-18 19:43:31,842 INFO  [Log] ------------------------------------------------- 
2021-05-18 19:43:31,843 INFO  [Log] -----------     E N D  TEST     ---------------- 
2021-05-18 19:43:31,843 INFO  [Log] ------------------------------------------------- 
2021-05-18 19:43:36,196 INFO  [Log] ------------------------------------------------- 
2021-05-18 19:43:36,197 INFO  [Log] -----------     loadHomePageAndLoginPageFactory      ---------------- 
2021-05-18 19:43:36,197 INFO  [Log] ------------------------------------------------- 
2021-05-18 19:43:55,426 INFO  [Log] Username= test123@abv.bg, pass= 123456 
2021-05-18 19:43:56,420 INFO  [Log] ------------------------------------------------- 
2021-05-18 19:43:56,420 INFO  [Log] -----------     E N D  TEST     ---------------- 
2021-05-18 19:43:56,420 INFO  [Log] ------------------------------------------------- 
2021-05-18 19:43:59,642 INFO  [Log] ------------------------------------------------- 
2021-05-18 19:43:59,642 INFO  [Log] -----------     readXml      ---------------- 
2021-05-18 19:43:59,642 INFO  [Log] ------------------------------------------------- 
2021-05-18 19:43:59,642 INFO  [Log] test started! 
2021-05-18 19:44:01,286 DEBUG [Log] File name is C:\WebDriver\inits\init.xlsx 
2021-05-18 19:44:01,304 INFO  [Log] First cell is: TEST_NAME 
2021-05-18 19:44:01,306 INFO  [Log] First cell is: test1 
2021-05-18 19:44:01,307 INFO  [Log] First cell is: LoginIntoSiteTests 
2021-05-18 19:44:01,307 INFO  [Log] First cell is: LoginExample 
2021-05-18 19:44:01,309 INFO  [Log] First cell is: LoginTestDDT 
2021-05-18 19:44:01,309 INFO  [Log] First cell is: ParameterizedLogInAndBuy 
2021-05-18 19:44:01,310 INFO  [Log] First cell is: SanityTest 
2021-05-18 19:44:01,310 INFO  [Log] ------------------------------------------------- 
2021-05-18 19:44:01,310 INFO  [Log] -----------     E N D  TEST     ---------------- 
2021-05-18 19:44:01,310 INFO  [Log] ------------------------------------------------- 
2021-05-20 20:42:13,052 ERROR [Log] Expected condition failed: waiting for presence of element located by: By.xpath: //ul[@id='color_to_pick_list']/a[@title='White'] (tried for 5 second(s) with 500 milliseconds interval) 
2021-05-20 20:42:24,180 ERROR [Log] unknown error: cannot determine loading status
from disconnected: received Inspector.detached event
  (Session info: chrome=90.0.4430.212)
Build info: version: '3.141.59', revision: 'e82be7d358', time: '2018-11-14T08:17:03'
System info: host: 'SOF-W-L-1703', ip: '192.168.1.4', os.name: 'Windows 10', os.arch: 'amd64', os.version: '10.0', java.version: '1.8.0_282'
Driver info: org.openqa.selenium.chrome.ChromeDriver
Capabilities {acceptInsecureCerts: false, browserName: chrome, browserVersion: 90.0.4430.212, chrome: {chromedriverVersion: 90.0.4430.24 (4c6d850f087da..., userDataDir: C:\Users\DIMITA~1\AppData\L...}, goog:chromeOptions: {debuggerAddress: localhost:60434}, javascriptEnabled: true, networkConnectionEnabled: false, pageLoadStrategy: normal, platform: WINDOWS, platformName: WINDOWS, proxy: Proxy(), setWindowRect: true, strictFileInteractability: false, timeouts: {implicit: 0, pageLoad: 300000, script: 30000}, unhandledPromptBehavior: dismiss and notify, webauthn:extension:largeBlob: true, webauthn:virtualAuthenticators: true}
Session ID: 8cd836c605fcf93cab4dc369e657a280 
2021-05-20 20:47:42,864 ERROR [Log] Expected condition failed: waiting for visibility of element located by By.xpath: //span[@class='navigation_page' and contains(text(),'Authentication')] (tried for 5 second(s) with 500 milliseconds interval) 
2021-05-20 20:48:46,816 ERROR [Log] Expected condition failed: waiting for visibility of element located by By.xpath: //div[@class='product-container']/div[@class='right-block']//a[@class ='product-name'] (tried for 5 second(s) with 500 milliseconds interval) 
2021-05-21 13:27:44,563 ERROR [Log] no such window: target window already closed
from unknown error: web view not found
  (Session info: chrome=90.0.4430.212)
Build info: version: '3.141.59', revision: 'e82be7d358', time: '2018-11-14T08:17:03'
System info: host: 'DESKTOP-04R7I9N', ip: '172.16.254.244', os.name: 'Windows 10', os.arch: 'amd64', os.version: '10.0', java.version: '1.8.0_292'
Driver info: org.openqa.selenium.chrome.ChromeDriver
Capabilities {acceptInsecureCerts: false, browserName: chrome, browserVersion: 90.0.4430.212, chrome: {chromedriverVersion: 90.0.4430.24 (4c6d850f087da..., userDataDir: C:\Users\ASUS\AppData\Local...}, goog:chromeOptions: {debuggerAddress: localhost:51595}, javascriptEnabled: true, networkConnectionEnabled: false, pageLoadStrategy: normal, platform: WINDOWS, platformName: WINDOWS, proxy: Proxy(), setWindowRect: true, strictFileInteractability: false, timeouts: {implicit: 0, pageLoad: 300000, script: 30000}, unhandledPromptBehavior: dismiss and notify, webauthn:extension:largeBlob: true, webauthn:virtualAuthenticators: true}
Session ID: 8d38dadb3c4157e3cd0bd198723c046d 
2021-05-21 13:28:41,926 ERROR [Log] Expected condition failed: waiting for element to be clickable: By.xpath: //p[@id = 'add_to_cart']/button[@name = Submit] (tried for 5 second(s) with 500 milliseconds interval) 
2021-05-21 13:28:44,948 ERROR [Log] no such window: target window already closed
from unknown error: web view not found
  (Session info: chrome=90.0.4430.212)
Build info: version: '3.141.59', revision: 'e82be7d358', time: '2018-11-14T08:17:03'
System info: host: 'DESKTOP-04R7I9N', ip: '172.16.254.244', os.name: 'Windows 10', os.arch: 'amd64', os.version: '10.0', java.version: '1.8.0_292'
Driver info: org.openqa.selenium.chrome.ChromeDriver
Capabilities {acceptInsecureCerts: false, browserName: chrome, browserVersion: 90.0.4430.212, chrome: {chromedriverVersion: 90.0.4430.24 (4c6d850f087da..., userDataDir: C:\Users\ASUS\AppData\Local...}, goog:chromeOptions: {debuggerAddress: localhost:51686}, javascriptEnabled: true, networkConnectionEnabled: false, pageLoadStrategy: normal, platform: WINDOWS, platformName: WINDOWS, proxy: Proxy(), setWindowRect: true, strictFileInteractability: false, timeouts: {implicit: 0, pageLoad: 300000, script: 30000}, unhandledPromptBehavior: dismiss and notify, webauthn:extension:largeBlob: true, webauthn:virtualAuthenticators: true}
Session ID: 130d7684261ee72e0802581b63a65a7f 
2021-05-21 13:30:15,838 ERROR [Log] no such window: target window already closed
from unknown error: web view not found
  (Session info: chrome=90.0.4430.212)
Build info: version: '3.141.59', revision: 'e82be7d358', time: '2018-11-14T08:17:03'
System info: host: 'DESKTOP-04R7I9N', ip: '172.16.254.244', os.name: 'Windows 10', os.arch: 'amd64', os.version: '10.0', java.version: '1.8.0_292'
Driver info: org.openqa.selenium.chrome.ChromeDriver
Capabilities {acceptInsecureCerts: false, browserName: chrome, browserVersion: 90.0.4430.212, chrome: {chromedriverVersion: 90.0.4430.24 (4c6d850f087da..., userDataDir: C:\Users\ASUS\AppData\Local...}, goog:chromeOptions: {debuggerAddress: localhost:51772}, javascriptEnabled: true, networkConnectionEnabled: false, pageLoadStrategy: normal, platform: WINDOWS, platformName: WINDOWS, proxy: Proxy(), setWindowRect: true, strictFileInteractability: false, timeouts: {implicit: 0, pageLoad: 300000, script: 30000}, unhandledPromptBehavior: dismiss and notify, webauthn:extension:largeBlob: true, webauthn:virtualAuthenticators: true}
Session ID: 92c24d2d5c7f65b63902966073b642b8 
2021-05-21 13:33:36,975 ERROR [Log] no such window: target window already closed
from unknown error: web view not found
  (Session info: chrome=90.0.4430.212)
Build info: version: '3.141.59', revision: 'e82be7d358', time: '2018-11-14T08:17:03'
System info: host: 'DESKTOP-04R7I9N', ip: '172.16.254.244', os.name: 'Windows 10', os.arch: 'amd64', os.version: '10.0', java.version: '1.8.0_292'
Driver info: org.openqa.selenium.chrome.ChromeDriver
Capabilities {acceptInsecureCerts: false, browserName: chrome, browserVersion: 90.0.4430.212, chrome: {chromedriverVersion: 90.0.4430.24 (4c6d850f087da..., userDataDir: C:\Users\ASUS\AppData\Local...}, goog:chromeOptions: {debuggerAddress: localhost:51881}, javascriptEnabled: true, networkConnectionEnabled: false, pageLoadStrategy: normal, platform: WINDOWS, platformName: WINDOWS, proxy: Proxy(), setWindowRect: true, strictFileInteractability: false, timeouts: {implicit: 0, pageLoad: 300000, script: 30000}, unhandledPromptBehavior: dismiss and notify, webauthn:extension:largeBlob: true, webauthn:virtualAuthenticators: true}
Session ID: 68a6c775b9053ebadd5a3330e3159a95 
2021-05-21 13:39:07,059 ERROR [Log] no such window: target window already closed
from unknown error: web view not found
  (Session info: chrome=90.0.4430.212)
Build info: version: '3.141.59', revision: 'e82be7d358', time: '2018-11-14T08:17:03'
System info: host: 'DESKTOP-04R7I9N', ip: '172.16.254.244', os.name: 'Windows 10', os.arch: 'amd64', os.version: '10.0', java.version: '1.8.0_292'
Driver info: org.openqa.selenium.chrome.ChromeDriver
Capabilities {acceptInsecureCerts: false, browserName: chrome, browserVersion: 90.0.4430.212, chrome: {chromedriverVersion: 90.0.4430.24 (4c6d850f087da..., userDataDir: C:\Users\ASUS\AppData\Local...}, goog:chromeOptions: {debuggerAddress: localhost:51992}, javascriptEnabled: true, networkConnectionEnabled: false, pageLoadStrategy: normal, platform: WINDOWS, platformName: WINDOWS, proxy: Proxy(), setWindowRect: true, strictFileInteractability: false, timeouts: {implicit: 0, pageLoad: 300000, script: 30000}, unhandledPromptBehavior: dismiss and notify, webauthn:extension:largeBlob: true, webauthn:virtualAuthenticators: true}
Session ID: 36299c7150211ec787542e12897bde3b 
2021-05-21 13:41:52,924 ERROR [Log] no such window: target window already closed
from unknown error: web view not found
  (Session info: chrome=90.0.4430.212)
Build info: version: '3.141.59', revision: 'e82be7d358', time: '2018-11-14T08:17:03'
System info: host: 'DESKTOP-04R7I9N', ip: '172.16.254.244', os.name: 'Windows 10', os.arch: 'amd64', os.version: '10.0', java.version: '1.8.0_292'
Driver info: org.openqa.selenium.chrome.ChromeDriver
Capabilities {acceptInsecureCerts: false, browserName: chrome, browserVersion: 90.0.4430.212, chrome: {chromedriverVersion: 90.0.4430.24 (4c6d850f087da..., userDataDir: C:\Users\ASUS\AppData\Local...}, goog:chromeOptions: {debuggerAddress: localhost:52101}, javascriptEnabled: true, networkConnectionEnabled: false, pageLoadStrategy: normal, platform: WINDOWS, platformName: WINDOWS, proxy: Proxy(), setWindowRect: true, strictFileInteractability: false, timeouts: {implicit: 0, pageLoad: 300000, script: 30000}, unhandledPromptBehavior: dismiss and notify, webauthn:extension:largeBlob: true, webauthn:virtualAuthenticators: true}
Session ID: 48990c174397766f8e4faf41f5420421 
2021-05-21 13:43:30,486 ERROR [Log] no such window: target window already closed
from unknown error: web view not found
  (Session info: chrome=90.0.4430.212)
Build info: version: '3.141.59', revision: 'e82be7d358', time: '2018-11-14T08:17:03'
System info: host: 'DESKTOP-04R7I9N', ip: '172.16.254.244', os.name: 'Windows 10', os.arch: 'amd64', os.version: '10.0', java.version: '1.8.0_292'
Driver info: org.openqa.selenium.chrome.ChromeDriver
Capabilities {acceptInsecureCerts: false, browserName: chrome, browserVersion: 90.0.4430.212, chrome: {chromedriverVersion: 90.0.4430.24 (4c6d850f087da..., userDataDir: C:\Users\ASUS\AppData\Local...}, goog:chromeOptions: {debuggerAddress: localhost:52191}, javascriptEnabled: true, networkConnectionEnabled: false, pageLoadStrategy: normal, platform: WINDOWS, platformName: WINDOWS, proxy: Proxy(), setWindowRect: true, strictFileInteractability: false, timeouts: {implicit: 0, pageLoad: 300000, script: 30000}, unhandledPromptBehavior: dismiss and notify, webauthn:extension:largeBlob: true, webauthn:virtualAuthenticators: true}
Session ID: 9e498c34594ff42245ed13ba95b3dd65 
2021-05-21 13:44:32,076 ERROR [Log] chrome not reachable
  (Session info: chrome=90.0.4430.212)
Build info: version: '3.141.59', revision: 'e82be7d358', time: '2018-11-14T08:17:03'
System info: host: 'DESKTOP-04R7I9N', ip: '172.16.254.244', os.name: 'Windows 10', os.arch: 'amd64', os.version: '10.0', java.version: '1.8.0_292'
Driver info: org.openqa.selenium.chrome.ChromeDriver
Capabilities {acceptInsecureCerts: false, browserName: chrome, browserVersion: 90.0.4430.212, chrome: {chromedriverVersion: 90.0.4430.24 (4c6d850f087da..., userDataDir: C:\Users\ASUS\AppData\Local...}, goog:chromeOptions: {debuggerAddress: localhost:52234}, javascriptEnabled: true, networkConnectionEnabled: false, pageLoadStrategy: normal, platform: WINDOWS, platformName: WINDOWS, proxy: Proxy(), setWindowRect: true, strictFileInteractability: false, timeouts: {implicit: 0, pageLoad: 300000, script: 30000}, unhandledPromptBehavior: dismiss and notify, webauthn:extension:largeBlob: true, webauthn:virtualAuthenticators: true}
Session ID: ec2dcba65ec6fa1fdf887eae29abdb7f
*** Element info: {Using=class name, value=login} 
2021-05-21 13:44:58,087 ERROR [Log] Expected condition failed: waiting for visibility of element located by By.className: login (tried for 5 second(s) with 500 milliseconds interval) 
2021-05-21 13:45:09,453 ERROR [Log] Expected condition failed: waiting for visibility of element located by By.className: login (tried for 5 second(s) with 500 milliseconds interval) 
2021-05-21 13:54:09,884 ERROR [Log] unknown error: cannot determine loading status
from disconnected: received Inspector.detached event
  (Session info: chrome=90.0.4430.212)
Build info: version: '3.141.59', revision: 'e82be7d358', time: '2018-11-14T08:17:03'
System info: host: 'DESKTOP-04R7I9N', ip: '172.16.254.244', os.name: 'Windows 10', os.arch: 'amd64', os.version: '10.0', java.version: '1.8.0_292'
Driver info: org.openqa.selenium.chrome.ChromeDriver
Capabilities {acceptInsecureCerts: false, browserName: chrome, browserVersion: 90.0.4430.212, chrome: {chromedriverVersion: 90.0.4430.24 (4c6d850f087da..., userDataDir: C:\Users\ASUS\AppData\Local...}, goog:chromeOptions: {debuggerAddress: localhost:52435}, javascriptEnabled: true, networkConnectionEnabled: false, pageLoadStrategy: normal, platform: WINDOWS, platformName: WINDOWS, proxy: Proxy(), setWindowRect: true, strictFileInteractability: false, timeouts: {implicit: 0, pageLoad: 300000, script: 30000}, unhandledPromptBehavior: dismiss and notify, webauthn:extension:largeBlob: true, webauthn:virtualAuthenticators: true}
Session ID: aa9b463d026464aa6cadd0d9bae27428 
2021-05-21 13:55:38,404 ERROR [Log] Expected condition failed: waiting for visibility of element located by By.xpath: //div[@id ='center_column']////a[@title='Proceed to checkout'] (tried for 5 second(s) with 500 milliseconds interval) 
2021-05-21 13:55:40,944 ERROR [Log] unknown error: cannot determine loading status
from disconnected: received Inspector.detached event
  (Session info: chrome=90.0.4430.212)
Build info: version: '3.141.59', revision: 'e82be7d358', time: '2018-11-14T08:17:03'
System info: host: 'DESKTOP-04R7I9N', ip: '172.16.254.244', os.name: 'Windows 10', os.arch: 'amd64', os.version: '10.0', java.version: '1.8.0_292'
Driver info: org.openqa.selenium.chrome.ChromeDriver
Capabilities {acceptInsecureCerts: false, browserName: chrome, browserVersion: 90.0.4430.212, chrome: {chromedriverVersion: 90.0.4430.24 (4c6d850f087da..., userDataDir: C:\Users\ASUS\AppData\Local...}, goog:chromeOptions: {debuggerAddress: localhost:52583}, javascriptEnabled: true, networkConnectionEnabled: false, pageLoadStrategy: normal, platform: WINDOWS, platformName: WINDOWS, proxy: Proxy(), setWindowRect: true, strictFileInteractability: false, timeouts: {implicit: 0, pageLoad: 300000, script: 30000}, unhandledPromptBehavior: dismiss and notify, webauthn:extension:largeBlob: true, webauthn:virtualAuthenticators: true}
Session ID: af5381d62d353c968dc06acf71f583d2 
2021-05-21 14:03:42,592 ERROR [Log] no such window: target window already closed
from unknown error: web view not found
  (Session info: chrome=90.0.4430.212)
Build info: version: '3.141.59', revision: 'e82be7d358', time: '2018-11-14T08:17:03'
System info: host: 'DESKTOP-04R7I9N', ip: '172.16.254.244', os.name: 'Windows 10', os.arch: 'amd64', os.version: '10.0', java.version: '1.8.0_292'
Driver info: org.openqa.selenium.chrome.ChromeDriver
Capabilities {acceptInsecureCerts: false, browserName: chrome, browserVersion: 90.0.4430.212, chrome: {chromedriverVersion: 90.0.4430.24 (4c6d850f087da..., userDataDir: C:\Users\ASUS\AppData\Local...}, goog:chromeOptions: {debuggerAddress: localhost:52799}, javascriptEnabled: true, networkConnectionEnabled: false, pageLoadStrategy: normal, platform: WINDOWS, platformName: WINDOWS, proxy: Proxy(), setWindowRect: true, strictFileInteractability: false, timeouts: {implicit: 0, pageLoad: 300000, script: 30000}, unhandledPromptBehavior: dismiss and notify, webauthn:extension:largeBlob: true, webauthn:virtualAuthenticators: true}
Session ID: 91455e164f938467cb0bb9cd817c439b 
2021-05-21 14:08:05,472 ERROR [Log] Expected condition failed: waiting for visibility of element located by By.xpath: //table[@id = 'cart_summary']//td[@class='cart_description']/p[@class ='product-name']/a (tried for 10 second(s) with 500 milliseconds interval) 
2021-05-21 14:08:08,010 ERROR [Log] unknown error: cannot determine loading status
from disconnected: received Inspector.detached event
  (Session info: chrome=90.0.4430.212)
Build info: version: '3.141.59', revision: 'e82be7d358', time: '2018-11-14T08:17:03'
System info: host: 'DESKTOP-04R7I9N', ip: '172.16.254.244', os.name: 'Windows 10', os.arch: 'amd64', os.version: '10.0', java.version: '1.8.0_292'
Driver info: org.openqa.selenium.chrome.ChromeDriver
Capabilities {acceptInsecureCerts: false, browserName: chrome, browserVersion: 90.0.4430.212, chrome: {chromedriverVersion: 90.0.4430.24 (4c6d850f087da..., userDataDir: C:\Users\ASUS\AppData\Local...}, goog:chromeOptions: {debuggerAddress: localhost:52950}, javascriptEnabled: true, networkConnectionEnabled: false, pageLoadStrategy: normal, platform: WINDOWS, platformName: WINDOWS, proxy: Proxy(), setWindowRect: true, strictFileInteractability: false, timeouts: {implicit: 0, pageLoad: 300000, script: 30000}, unhandledPromptBehavior: dismiss and notify, webauthn:extension:largeBlob: true, webauthn:virtualAuthenticators: true}
Session ID: b1646630f84b6942bf45b2b6cab2d3ab 
2021-05-21 14:11:30,323 ERROR [Log] Expected condition failed: waiting for visibility of element located by By.xpath: //table[@id = 'cart_summary']//td[@class='cart_description']/p[@class ='product-name']/a (tried for 10 second(s) with 500 milliseconds interval) 
2021-05-21 14:11:32,989 ERROR [Log] unknown error: cannot determine loading status
from disconnected: received Inspector.detached event
  (Session info: chrome=90.0.4430.212)
Build info: version: '3.141.59', revision: 'e82be7d358', time: '2018-11-14T08:17:03'
System info: host: 'DESKTOP-04R7I9N', ip: '172.16.254.244', os.name: 'Windows 10', os.arch: 'amd64', os.version: '10.0', java.version: '1.8.0_292'
Driver info: org.openqa.selenium.chrome.ChromeDriver
Capabilities {acceptInsecureCerts: false, browserName: chrome, browserVersion: 90.0.4430.212, chrome: {chromedriverVersion: 90.0.4430.24 (4c6d850f087da..., userDataDir: C:\Users\ASUS\AppData\Local...}, goog:chromeOptions: {debuggerAddress: localhost:53049}, javascriptEnabled: true, networkConnectionEnabled: false, pageLoadStrategy: normal, platform: WINDOWS, platformName: WINDOWS, proxy: Proxy(), setWindowRect: true, strictFileInteractability: false, timeouts: {implicit: 0, pageLoad: 300000, script: 30000}, unhandledPromptBehavior: dismiss and notify, webauthn:extension:largeBlob: true, webauthn:virtualAuthenticators: true}
Session ID: c859ed0cf702767fab69c79a2c36b8ee 
2021-05-21 14:18:47,928 ERROR [Log] no such window: target window already closed
from unknown error: web view not found
  (Session info: chrome=90.0.4430.212)
Build info: version: '3.141.59', revision: 'e82be7d358', time: '2018-11-14T08:17:03'
System info: host: 'DESKTOP-04R7I9N', ip: '172.16.254.244', os.name: 'Windows 10', os.arch: 'amd64', os.version: '10.0', java.version: '1.8.0_292'
Driver info: org.openqa.selenium.chrome.ChromeDriver
Capabilities {acceptInsecureCerts: false, browserName: chrome, browserVersion: 90.0.4430.212, chrome: {chromedriverVersion: 90.0.4430.24 (4c6d850f087da..., userDataDir: C:\Users\ASUS\AppData\Local...}, goog:chromeOptions: {debuggerAddress: localhost:53206}, javascriptEnabled: true, networkConnectionEnabled: false, pageLoadStrategy: normal, platform: WINDOWS, platformName: WINDOWS, proxy: Proxy(), setWindowRect: true, strictFileInteractability: false, timeouts: {implicit: 0, pageLoad: 300000, script: 30000}, unhandledPromptBehavior: dismiss and notify, webauthn:extension:largeBlob: true, webauthn:virtualAuthenticators: true}
Session ID: e8189633e71664e2baba6804ee45bf5e 
